Using pre-set license
Built from '2020.3/staging' branch; Version is '2020.3.11f1 (99c7afb366b3) revision 10078127'; Using compiler version '192528614'; Build Type 'Release'
OS: 'Windows 10 Home; OS build 19045.2728; Version 2009; 64bit' Language: 'zh' Physical Memory: 32469 MB
BatchMode: 1, IsHumanControllingUs: 0, StartBugReporterOnCrash: 0, Is64bit: 1, IsPro: 0

 COMMAND LINE ARGUMENTS:
C:\Program Files\Unity\Hub\Editor\2020.3.11f1\Editor\Unity.exe
-adb2
-batchMode
-noUpm
-name
AssetImportWorker0
-projectPath
C:/Users/YiqiZhao/Unity/CSSE352_UIProj2/CSSE352_UIProj
-logFile
Logs/AssetImportWorker0.log
-srvPort
63985
Successfully changed project path to: C:/Users/YiqiZhao/Unity/CSSE352_UIProj2/CSSE352_UIProj
C:/Users/YiqiZhao/Unity/CSSE352_UIProj2/CSSE352_UIProj
Using Asset Import Pipeline V2.
Refreshing native plugins compatible for Editor in 35.00 ms, found 3 plugins.
Preloading 0 native plugins for Editor in 0.00 ms.
Initialize engine version: 2020.3.11f1 (99c7afb366b3)
[Subsystems] Discovering subsystems at path C:/Program Files/Unity/Hub/Editor/2020.3.11f1/Editor/Data/Resources/UnitySubsystems
[Subsystems] Discovering subsystems at path C:/Users/YiqiZhao/Unity/CSSE352_UIProj2/CSSE352_UIProj/Assets
GfxDevice: creating device client; threaded=0
Direct3D:
    Version:  Direct3D 11.0 [level 11.1]
    Renderer: NVIDIA GeForce RTX 3070 Laptop GPU (ID=0x249d)
    Vendor:   
    VRAM:     8044 MB
    Driver:   30.0.15.1165
Initialize mono
Mono path[0] = 'C:/Program Files/Unity/Hub/Editor/2020.3.11f1/Editor/Data/Managed'
Mono path[1] = 'C:/Program Files/Unity/Hub/Editor/2020.3.11f1/Editor/Data/MonoBleedingEdge/lib/mono/unityjit'
Mono config path = 'C:/Program Files/Unity/Hub/Editor/2020.3.11f1/Editor/Data/MonoBleedingEdge/etc'
Using monoOptions --debugger-agent=transport=dt_socket,embedding=1,server=y,suspend=n,address=127.0.0.1:56292
Begin MonoManager ReloadAssembly
Registering precompiled unity dll's ...
Register platform support module: C:/Program Files/Unity/Hub/Editor/2020.3.11f1/Editor/Data/PlaybackEngines/WindowsStandaloneSupport/UnityEditor.WindowsStandalone.Extensions.dll
Registered in 0.001942 seconds.
Native extension for WindowsStandalone target not found
Refreshing native plugins compatible for Editor in 31.25 ms, found 3 plugins.
Preloading 0 native plugins for Editor in 0.00 ms.
Mono: successfully reloaded assembly
- Completed reload, in  0.873 seconds
Platform modules already initialized, skipping
Registering precompiled user dll's ...
Registered in 0.004994 seconds.
Begin MonoManager ReloadAssembly
Native extension for WindowsStandalone target not found
Refreshing native plugins compatible for Editor in 29.81 ms, found 3 plugins.
Preloading 0 native plugins for Editor in 0.00 ms.
Mono: successfully reloaded assembly
- Completed reload, in  0.865 seconds
Platform modules already initialized, skipping
========================================================================
Worker process is ready to serve import requests
Launched and connected shader compiler UnityShaderCompiler.exe after 0.05 seconds
Refreshing native plugins compatible for Editor in 0.63 ms, found 3 plugins.
Preloading 0 native plugins for Editor in 0.00 ms.
Unloading 2093 Unused Serialized files (Serialized files now loaded: 0)
System memory in use before: 95.0 MB.
System memory in use after: 94.9 MB.

Unloading 33 unused Assets to reduce memory usage. Loaded Objects now: 2527.
Total: 2.957600 ms (FindLiveObjects: 0.163100 ms CreateObjectMapping: 0.044300 ms MarkObjects: 2.575000 ms  DeleteObjects: 0.173700 ms)

========================================================================
Received Import Request.
  path: Assets/Scenes
  artifactKey: Guid(8c1771acf5f7c0448aa9fc8416a67c10) Importer(815301076,1909f56bfc062723c751e8b465ee728b)
Start importing Assets/Scenes using Guid(8c1771acf5f7c0448aa9fc8416a67c10) Importer(815301076,1909f56bfc062723c751e8b465ee728b)  -> (artifact id: '5273278093b6e1a73265ee2ad8191f9a') in 0.012190 seconds
  Import took 0.015921 seconds .

========================================================================
Received Import Request.
  Time since last request: 11.693168 seconds.
  path: Assets/Scenes/InputField.unity
  artifactKey: Guid(9bc1cb4b6b47f834f98bf4af1b37ce24) Importer(815301076,1909f56bfc062723c751e8b465ee728b)
Start importing Assets/Scenes/InputField.unity using Guid(9bc1cb4b6b47f834f98bf4af1b37ce24) Importer(815301076,1909f56bfc062723c751e8b465ee728b)  -> (artifact id: 'c395756c7403cfee3c556be9ddd8d86e') in 0.019449 seconds
  Import took 0.023707 seconds .

========================================================================
Received Import Request.
  Time since last request: 1.444306 seconds.
  path: Assets/Scenes/SampleScene.unity
  artifactKey: Guid(2cda990e2423bbf4892e6590ba056729) Importer(815301076,1909f56bfc062723c751e8b465ee728b)
Start importing Assets/Scenes/SampleScene.unity using Guid(2cda990e2423bbf4892e6590ba056729) Importer(815301076,1909f56bfc062723c751e8b465ee728b)  -> (artifact id: '73dd1b6069cc7969c28531b0d7a8d93d') in 0.011046 seconds
  Import took 0.015159 seconds .

========================================================================
Received Import Request.
  Time since last request: 0.001680 seconds.
  path: Assets/Scenes/SampleScene.unity
  artifactKey: Guid(2cda990e2423bbf4892e6590ba056729) Importer(815301076,1909f56bfc062723c751e8b465ee728b)
Start importing Assets/Scenes/SampleScene.unity using Guid(2cda990e2423bbf4892e6590ba056729) Importer(815301076,1909f56bfc062723c751e8b465ee728b)  -> (artifact id: '73dd1b6069cc7969c28531b0d7a8d93d') in 0.006904 seconds
  Import took 0.011975 seconds .

========================================================================
Received Import Request.
  Time since last request: 10.906995 seconds.
  path: Assets/Scenes/Image.unity
  artifactKey: Guid(2cda990e2423bbf4892e6590ba056729) Importer(815301076,1909f56bfc062723c751e8b465ee728b)
Start importing Assets/Scenes/Image.unity using Guid(2cda990e2423bbf4892e6590ba056729) Importer(815301076,1909f56bfc062723c751e8b465ee728b)  -> (artifact id: '392aa51037badf72009ae6c23825d716') in 0.012933 seconds
  Import took 0.018596 seconds .

========================================================================
Received Import Request.
  Time since last request: 546.008955 seconds.
  path: Assets/Scenes/Image.unity
  artifactKey: Guid(2cda990e2423bbf4892e6590ba056729) Importer(815301076,1909f56bfc062723c751e8b465ee728b)
Start importing Assets/Scenes/Image.unity using Guid(2cda990e2423bbf4892e6590ba056729) Importer(815301076,1909f56bfc062723c751e8b465ee728b)  -> (artifact id: '254c489474c719bbfc179751aff0a69e') in 0.011174 seconds
  Import took 0.016034 seconds .

========================================================================
Received Import Request.
  Time since last request: 0.001337 seconds.
  path: Assets/Scenes/Image.unity
  artifactKey: Guid(2cda990e2423bbf4892e6590ba056729) Importer(815301076,1909f56bfc062723c751e8b465ee728b)
Start importing Assets/Scenes/Image.unity using Guid(2cda990e2423bbf4892e6590ba056729) Importer(815301076,1909f56bfc062723c751e8b465ee728b)  -> (artifact id: '254c489474c719bbfc179751aff0a69e') in 0.002821 seconds
  Import took 0.006834 seconds .

========================================================================
Received Import Request.
  Time since last request: 899.152360 seconds.
  path: Assets
  artifactKey: Guid(00000000000000001000000000000000) Importer(815301076,1909f56bfc062723c751e8b465ee728b)
Start importing Assets using Guid(00000000000000001000000000000000) Importer(815301076,1909f56bfc062723c751e8b465ee728b)  -> (artifact id: '42d402b061de3733987d63b9cc3b64de') in 0.009854 seconds
  Import took 0.016818 seconds .

========================================================================
Received Import Request.
  Time since last request: 0.001254 seconds.
  path: Assets
  artifactKey: Guid(00000000000000001000000000000000) Importer(815301076,1909f56bfc062723c751e8b465ee728b)
Start importing Assets using Guid(00000000000000001000000000000000) Importer(815301076,1909f56bfc062723c751e8b465ee728b)  -> (artifact id: '42d402b061de3733987d63b9cc3b64de') in 0.002936 seconds
  Import took 0.007163 seconds .

========================================================================
Received Import Request.
  Time since last request: 14.679520 seconds.
  path: Assets/Scripts
  artifactKey: Guid(712ba280df734004cb633e00139f677e) Importer(815301076,1909f56bfc062723c751e8b465ee728b)
Start importing Assets/Scripts using Guid(712ba280df734004cb633e00139f677e) Importer(815301076,1909f56bfc062723c751e8b465ee728b)  -> (artifact id: '3a26aaec2baca7be6d2bdab579d41718') in 0.008594 seconds
  Import took 0.012559 seconds .

========================================================================
Received Import Request.
  Time since last request: 420.421367 seconds.
  path: Assets/Scripts/LoginSample.cs
  artifactKey: Guid(e7ab802c7933de64e82993f8c1ef2855) Importer(815301076,1909f56bfc062723c751e8b465ee728b)
Start importing Assets/Scripts/LoginSample.cs using Guid(e7ab802c7933de64e82993f8c1ef2855) Importer(815301076,1909f56bfc062723c751e8b465ee728b)  -> (artifact id: '5222cc51daa9e782f875510ac3112020') in 0.040710 seconds
  Import took 0.045756 seconds .

========================================================================
Received Import Request.
  Time since last request: 0.082753 seconds.
  path: Assets/Scripts/LoginSample.cs
  artifactKey: Guid(e7ab802c7933de64e82993f8c1ef2855) Importer(815301076,1909f56bfc062723c751e8b465ee728b)
Start importing Assets/Scripts/LoginSample.cs using Guid(e7ab802c7933de64e82993f8c1ef2855) Importer(815301076,1909f56bfc062723c751e8b465ee728b)  -> (artifact id: '5222cc51daa9e782f875510ac3112020') in 0.002738 seconds
  Import took 0.007291 seconds .

========================================================================
Received Prepare
Registering precompiled user dll's ...
Registered in 0.007003 seconds.
Begin MonoManager ReloadAssembly
Native extension for WindowsStandalone target not found
Refreshing native plugins compatible for Editor in 0.52 ms, found 3 plugins.
Preloading 0 native plugins for Editor in 0.00 ms.
Mono: successfully reloaded assembly
- Completed reload, in  1.249 seconds
Platform modules already initialized, skipping
Refreshing native plugins compatible for Editor in 0.83 ms, found 3 plugins.
Preloading 0 native plugins for Editor in 0.00 ms.
Unloading 2076 Unused Serialized files (Serialized files now loaded: 0)
System memory in use before: 93.8 MB.
System memory in use after: 93.7 MB.

Unloading 21 unused Assets to reduce memory usage. Loaded Objects now: 2532.
Total: 3.531000 ms (FindLiveObjects: 0.350000 ms CreateObjectMapping: 0.124800 ms MarkObjects: 2.861300 ms  DeleteObjects: 0.191100 ms)

========================================================================
Received Prepare
Registering precompiled user dll's ...
Registered in 0.012030 seconds.
Begin MonoManager ReloadAssembly
Native extension for WindowsStandalone target not found
Refreshing native plugins compatible for Editor in 0.49 ms, found 3 plugins.
Preloading 0 native plugins for Editor in 0.00 ms.
Mono: successfully reloaded assembly
- Completed reload, in  1.021 seconds
Platform modules already initialized, skipping
Refreshing native plugins compatible for Editor in 0.63 ms, found 3 plugins.
Preloading 0 native plugins for Editor in 0.00 ms.
Unloading 2109 Unused Serialized files (Serialized files now loaded: 0)
System memory in use before: 94.8 MB.
System memory in use after: 94.8 MB.

Unloading 32 unused Assets to reduce memory usage. Loaded Objects now: 2558.
Total: 2.375300 ms (FindLiveObjects: 0.172100 ms CreateObjectMapping: 0.037600 ms MarkObjects: 2.051400 ms  DeleteObjects: 0.112700 ms)

========================================================================
Received Prepare
Registering precompiled user dll's ...
Registered in 0.006162 seconds.
Begin MonoManager ReloadAssembly
Native extension for WindowsStandalone target not found
Refreshing native plugins compatible for Editor in 0.48 ms, found 3 plugins.
Preloading 0 native plugins for Editor in 0.00 ms.
Mono: successfully reloaded assembly
- Completed reload, in  0.889 seconds
Platform modules already initialized, skipping
Refreshing native plugins compatible for Editor in 0.52 ms, found 3 plugins.
Preloading 0 native plugins for Editor in 0.00 ms.
Unloading 2109 Unused Serialized files (Serialized files now loaded: 0)
System memory in use before: 94.8 MB.
System memory in use after: 94.8 MB.

Unloading 32 unused Assets to reduce memory usage. Loaded Objects now: 2562.
Total: 2.097600 ms (FindLiveObjects: 0.280100 ms CreateObjectMapping: 0.071400 ms MarkObjects: 1.615500 ms  DeleteObjects: 0.129500 ms)

========================================================================
Received Import Request.
  Time since last request: 550.500974 seconds.
  path: Assets/Scripts/LoginSample.cs
  artifactKey: Guid(e7ab802c7933de64e82993f8c1ef2855) Importer(815301076,1909f56bfc062723c751e8b465ee728b)
Start importing Assets/Scripts/LoginSample.cs using Guid(e7ab802c7933de64e82993f8c1ef2855) Importer(815301076,1909f56bfc062723c751e8b465ee728b)  -> (artifact id: 'a6d85100c8aab683e6087cd82e38a26a') in 0.006134 seconds
  Import took 0.009142 seconds .

========================================================================
Received Import Request.
  Time since last request: 10.252562 seconds.
  path: Assets/Plugins/CodeAssist/Editor/CodeAssistAssembly.asmdef
  artifactKey: Guid(720120ea13bc2fc4092ac69dd4dba50c) Importer(815301076,1909f56bfc062723c751e8b465ee728b)
Start importing Assets/Plugins/CodeAssist/Editor/CodeAssistAssembly.asmdef using Guid(720120ea13bc2fc4092ac69dd4dba50c) Importer(815301076,1909f56bfc062723c751e8b465ee728b)  -> (artifact id: 'aa1e2b31449eba9c16d5b4db9fac2ad2') in 0.014509 seconds
  Import took 0.019598 seconds .

========================================================================
Received Prepare
Registering precompiled user dll's ...
Registered in 0.003717 seconds.
Begin MonoManager ReloadAssembly
Native extension for WindowsStandalone target not found
Refreshing native plugins compatible for Editor in 0.47 ms, found 3 plugins.
Preloading 0 native plugins for Editor in 0.00 ms.
Mono: successfully reloaded assembly
- Completed reload, in  0.876 seconds
Platform modules already initialized, skipping
Refreshing native plugins compatible for Editor in 0.43 ms, found 3 plugins.
Preloading 0 native plugins for Editor in 0.00 ms.
Unloading 2076 Unused Serialized files (Serialized files now loaded: 0)
System memory in use before: 94.0 MB.
System memory in use after: 94.0 MB.

Unloading 21 unused Assets to reduce memory usage. Loaded Objects now: 2566.
Total: 2.305200 ms (FindLiveObjects: 0.159300 ms CreateObjectMapping: 0.033700 ms MarkObjects: 1.974100 ms  DeleteObjects: 0.136700 ms)

========================================================================
Received Prepare
Registering precompiled user dll's ...
Registered in 0.004176 seconds.
Begin MonoManager ReloadAssembly
Native extension for WindowsStandalone target not found
Refreshing native plugins compatible for Editor in 0.49 ms, found 3 plugins.
Preloading 0 native plugins for Editor in 0.00 ms.
Mono: successfully reloaded assembly
- Completed reload, in  1.016 seconds
Platform modules already initialized, skipping
Refreshing native plugins compatible for Editor in 0.53 ms, found 3 plugins.
Preloading 0 native plugins for Editor in 0.00 ms.
Unloading 2076 Unused Serialized files (Serialized files now loaded: 0)
System memory in use before: 94.0 MB.
System memory in use after: 94.0 MB.

Unloading 21 unused Assets to reduce memory usage. Loaded Objects now: 2570.
Total: 2.715500 ms (FindLiveObjects: 0.258900 ms CreateObjectMapping: 0.083900 ms MarkObjects: 2.128400 ms  DeleteObjects: 0.243000 ms)

========================================================================
Received Prepare
Registering precompiled user dll's ...
Registered in 0.005145 seconds.
Begin MonoManager ReloadAssembly
Native extension for WindowsStandalone target not found
Refreshing native plugins compatible for Editor in 0.72 ms, found 3 plugins.
Preloading 0 native plugins for Editor in 0.00 ms.
Mono: successfully reloaded assembly
- Completed reload, in  1.034 seconds
Platform modules already initialized, skipping
Refreshing native plugins compatible for Editor in 0.65 ms, found 3 plugins.
Preloading 0 native plugins for Editor in 0.00 ms.
Unloading 2076 Unused Serialized files (Serialized files now loaded: 0)
System memory in use before: 94.0 MB.
System memory in use after: 94.0 MB.

Unloading 21 unused Assets to reduce memory usage. Loaded Objects now: 2574.
Total: 2.409800 ms (FindLiveObjects: 0.232200 ms CreateObjectMapping: 0.039400 ms MarkObjects: 2.029200 ms  DeleteObjects: 0.106800 ms)

AssetImportWorkerClient::OnTransportError - code=2 error=End of file
